0 info it worked if it ends with ok
1 verbose cli [ 'C:\\Program Files\\nodejs\\node.exe',
1 verbose cli   'C:\\Users\\d.przenioslo\\AppData\\Roaming\\npm\\node_modules\\npm\\bin\\npm-cli.js',
1 verbose cli   'start' ]
2 info using npm@3.7.3
3 info using node@v6.9.3
4 verbose run-script [ 'prestart', 'start', 'poststart' ]
5 info lifecycle react-pair@1.0.0~prestart: react-pair@1.0.0
6 verbose lifecycle react-pair@1.0.0~prestart: unsafe-perm in lifecycle true
7 verbose lifecycle react-pair@1.0.0~prestart: PATH: C:\Users\d.przenioslo\AppData\Roaming\npm\node_modules\npm\bin\node-gyp-bin;C:\Users\d.przenioslo\Desktop\react-redux-starter-kit\node_modules\.bin;C:\Program Files\nodejs;C:\Program Files (x86)\AMD APP\bin\x86_64;C:\Program Files (x86)\AMD APP\bin\x86;C:\ProgramData\Oracle\Java\javapath;C:\Program Files\Common Files\Microsoft Shared\Windows Live;C:\Program Files (x86)\Common Files\Microsoft Shared\Windows Live;C:\WINDOWS\system32;C:\WINDOWS;C:\WINDOWS\System32\Wbem;C:\WINDOWS\System32\WindowsPowerShell\v1.0\;c:\Program Files (x86)\ATI Technologies\ATI.ACE\Core-Static;C:\Program Files (x86)\NTRU Cryptosystems\NTRU TCG Software Stack\bin\;C:\Program Files\NTRU Cryptosystems\NTRU TCG Software Stack\bin\;C:\Program Files\Wave Systems Corp\Gemalto\Access Client\v5\;C:\Program Files (x86)\Windows Live\Shared;C:\Program Files (x86)\Microsoft SQL Server\100\Tools\Binn\;C:\Program Files\Microsoft SQL Server\100\Tools\Binn\;C:\Program Files (x86)\Microsoft SQL Server\100\Tools\Binn\VSShell\Common7\IDE\;C:\Program Files (x86)\Microsoft SQL Server\100\DTS\Binn\;C:\Program Files (x86)\Microsoft ASP.NET\ASP.NET Web Pages\v1.0\;C:\Program Files\Microsoft\Web Platform Installer\;C:\Program Files\Microsoft SQL Server\110\Tools\Binn\;C:\Program Files (x86)\Microsoft SQL Server\110\Tools\Binn\;C:\Program Files\Microsoft SQL Server\110\DTS\Binn\;C:\Program Files (x86)\Windows Kits\8.1\Windows Performance Toolkit\;C:\Program Files\TortoiseSVN\bin;C:\Program Files (x86)\Microsoft SDKs\TypeScript\1.0\;C:\Program Files\Microsoft SQL Server\120\Tools\Binn\;C:\Program Files (x86)\Microsoft SDKs\TypeScript\1.4\;C:\Program Files\Microsoft SQL Server\130\Tools\Binn\;C:\Users\d.przenioslo\AppData\Roaming\npm;C:\Users\d.przenioslo\AppData\Roaming\nvm;C:\Program Files\nodejs;C:\Users\d.przenioslo\AppData\Roaming\nvm;C:\Program Files\Git\cmd;C:\Program Files\nodejs\;C:\Users\d.przenioslo\AppData\Roaming\nvm;C:\Program Files\nodejs;C:\Program Files (x86)\Microsoft VS Code\bin;C:\Users\d.przenioslo\AppData\Roaming\npm
8 verbose lifecycle react-pair@1.0.0~prestart: CWD: C:\Users\d.przenioslo\Desktop\react-redux-starter-kit
9 silly lifecycle react-pair@1.0.0~prestart: Args: [ '/d /s /c', 'babel-node tools/startMessage.js' ]
10 silly lifecycle react-pair@1.0.0~prestart: Returned: code: 0  signal: null
11 info lifecycle react-pair@1.0.0~start: react-pair@1.0.0
12 verbose lifecycle react-pair@1.0.0~start: unsafe-perm in lifecycle true
13 verbose lifecycle react-pair@1.0.0~start: PATH: C:\Users\d.przenioslo\AppData\Roaming\npm\node_modules\npm\bin\node-gyp-bin;C:\Users\d.przenioslo\Desktop\react-redux-starter-kit\node_modules\.bin;C:\Program Files\nodejs;C:\Program Files (x86)\AMD APP\bin\x86_64;C:\Program Files (x86)\AMD APP\bin\x86;C:\ProgramData\Oracle\Java\javapath;C:\Program Files\Common Files\Microsoft Shared\Windows Live;C:\Program Files (x86)\Common Files\Microsoft Shared\Windows Live;C:\WINDOWS\system32;C:\WINDOWS;C:\WINDOWS\System32\Wbem;C:\WINDOWS\System32\WindowsPowerShell\v1.0\;c:\Program Files (x86)\ATI Technologies\ATI.ACE\Core-Static;C:\Program Files (x86)\NTRU Cryptosystems\NTRU TCG Software Stack\bin\;C:\Program Files\NTRU Cryptosystems\NTRU TCG Software Stack\bin\;C:\Program Files\Wave Systems Corp\Gemalto\Access Client\v5\;C:\Program Files (x86)\Windows Live\Shared;C:\Program Files (x86)\Microsoft SQL Server\100\Tools\Binn\;C:\Program Files\Microsoft SQL Server\100\Tools\Binn\;C:\Program Files (x86)\Microsoft SQL Server\100\Tools\Binn\VSShell\Common7\IDE\;C:\Program Files (x86)\Microsoft SQL Server\100\DTS\Binn\;C:\Program Files (x86)\Microsoft ASP.NET\ASP.NET Web Pages\v1.0\;C:\Program Files\Microsoft\Web Platform Installer\;C:\Program Files\Microsoft SQL Server\110\Tools\Binn\;C:\Program Files (x86)\Microsoft SQL Server\110\Tools\Binn\;C:\Program Files\Microsoft SQL Server\110\DTS\Binn\;C:\Program Files (x86)\Windows Kits\8.1\Windows Performance Toolkit\;C:\Program Files\TortoiseSVN\bin;C:\Program Files (x86)\Microsoft SDKs\TypeScript\1.0\;C:\Program Files\Microsoft SQL Server\120\Tools\Binn\;C:\Program Files (x86)\Microsoft SDKs\TypeScript\1.4\;C:\Program Files\Microsoft SQL Server\130\Tools\Binn\;C:\Users\d.przenioslo\AppData\Roaming\npm;C:\Users\d.przenioslo\AppData\Roaming\nvm;C:\Program Files\nodejs;C:\Users\d.przenioslo\AppData\Roaming\nvm;C:\Program Files\Git\cmd;C:\Program Files\nodejs\;C:\Users\d.przenioslo\AppData\Roaming\nvm;C:\Program Files\nodejs;C:\Program Files (x86)\Microsoft VS Code\bin;C:\Users\d.przenioslo\AppData\Roaming\npm
14 verbose lifecycle react-pair@1.0.0~start: CWD: C:\Users\d.przenioslo\Desktop\react-redux-starter-kit
15 silly lifecycle react-pair@1.0.0~start: Args: [ '/d /s /c', 'npm-run-all --parallel open:src lint:watch' ]
16 silly lifecycle react-pair@1.0.0~start: Returned: code: 1  signal: null
17 info lifecycle react-pair@1.0.0~start: Failed to exec start script
18 verbose stack Error: react-pair@1.0.0 start: `npm-run-all --parallel open:src lint:watch`
18 verbose stack Exit status 1
18 verbose stack     at EventEmitter.<anonymous> (C:\Users\d.przenioslo\AppData\Roaming\npm\node_modules\npm\lib\utils\lifecycle.js:239:16)
18 verbose stack     at emitTwo (events.js:106:13)
18 verbose stack     at EventEmitter.emit (events.js:191:7)
18 verbose stack     at ChildProcess.<anonymous> (C:\Users\d.przenioslo\AppData\Roaming\npm\node_modules\npm\lib\utils\spawn.js:24:14)
18 verbose stack     at emitTwo (events.js:106:13)
18 verbose stack     at ChildProcess.emit (events.js:191:7)
18 verbose stack     at maybeClose (internal/child_process.js:877:16)
18 verbose stack     at Process.ChildProcess._handle.onexit (internal/child_process.js:226:5)
19 verbose pkgid react-pair@1.0.0
20 verbose cwd C:\Users\d.przenioslo\Desktop\react-redux-starter-kit
21 error Windows_NT 10.0.10586
22 error argv "C:\\Program Files\\nodejs\\node.exe" "C:\\Users\\d.przenioslo\\AppData\\Roaming\\npm\\node_modules\\npm\\bin\\npm-cli.js" "start"
23 error node v6.9.3
24 error npm  v3.7.3
25 error code ELIFECYCLE
26 error react-pair@1.0.0 start: `npm-run-all --parallel open:src lint:watch`
26 error Exit status 1
27 error Failed at the react-pair@1.0.0 start script 'npm-run-all --parallel open:src lint:watch'.
27 error Make sure you have the latest version of node.js and npm installed.
27 error If you do, this is most likely a problem with the react-pair package,
27 error not with npm itself.
27 error Tell the author that this fails on your system:
27 error     npm-run-all --parallel open:src lint:watch
27 error You can get information on how to open an issue for this project with:
27 error     npm bugs react-pair
27 error Or if that isn't available, you can get their info via:
27 error     npm owner ls react-pair
27 error There is likely additional logging output above.
28 verbose exit [ 1, true ]
